Parameter -I: PcrIndex = 0xFFFFFFFF
Parameter -L: LogFormat = 0xFFFFFFFF
Parameter -E: CalculateExpected = 0
Parameter -BIN: BinayFileName = <null string>
ERROR: Tcg2Protocol->GetEventLog(0x1) - Invalid Parameter
EventLogFormat: (0x2)
EventLogLocation: (0x191A1F08000)
Tcg2Event:
  Event:
    PCRIndex  - 0
    EventType - 0x00000003
    Digest    - 0000000000000000000000000000000000000000
    EventSize - 0x00000021
0000: 53706563204944204576656E743033000000000000020002010000000C003000
0020: 00
    EventData - Type: EV_NO_ACTION
  Unknown EV_NO_ACTION
  TCG_EfiSpecIDEventStruct:
    signature          - 'Spec ID Event03 '
    platformClass      - 0x00000000
    specVersion        - 2.0.0
    uintnSize          - 0x02
    numberOfAlgorithms - 0x00000001
    digest(0)
      algorithmId      - 0x000C
      digestSize       - 0x0030
    vendorInfoSize     - 0x00
    vendorInfo         - 
  Event:
    PCRIndex  - 7
    EventType - 0x800000E3
    DigestCount: 0x00000001
    HashAlgo : 0x000C
    Digest(0): CC78F2FF382B727470A7DCEFD430AF17810898999060737E6AA31F78B3D5A6857E5D0F6EAA61B8A64F7570E793BEACE0
    EventSize - 0x000003B7
0000: F4B4C2B95FBF2D468ADFC5C70AC35DAD05000000000000008D03000000000000
0020: 64006500760064006200A159C0A5E494A74A87B5AB155C2BF0728D0300000000
0040: 000071030000F94D7773DCBA1146AA41B12AE468B27C3082035D30820245A003
0060: 020102020900FA2BAEFFE18B71D9300D06092A864886F70D01010B0500304531
0080: 0B30090603550406130241553113301106035504080C0A536F6D652D53746174
00A0: 653121301F060355040A0C18496E7465726E6574205769646769747320507479
00C0: 204C7464301E170D3230303131373132343831335A170D333030313134313234
00E0: 3831335A3045310B30090603550406130241553113301106035504080C0A536F
0100: 6D652D53746174653121301F060355040A0C18496E7465726E65742057696467
0120: 69747320507479204C746430820122300D06092A864886F70D01010105000382
0140: 010F003082010A0282010100D2299C18589C6567E014C71743CEECF97BC6F1B6
0160: 4E6B8BEFB7DE8D8AB27BD38C7DF7776BE3A76681227A11B117F2146B3F1FACCA
0180: 7D64E96179FF7D186E6C57E72EF10594B3BF270E8CDA43A26374FEB1F168685C
01A0: B3631A51C186A9BE3C12FB917D202CA33C5F207FC0E0EC9AD2A04A97B4FA592D
01C0: 4AE93D6AD5DE076ECDB47CD98D4B151286AD9DE9BD4F85E134320B9CC3D77759
01E0: 1F1E45908B9D0BD2FD1919C80CF830BB4F1343B4432DF3D3D1BF1E55C7542598
0200: 6F9EC9D6EB142AB0E523E7CEB9FCDD5D2D62B5C9A5ECDAE339DD447CFF76B2D0
0220: D4095CAC99DC6B8D84DD38DD2F2BFB61143CC1FECF08CA01E7278A082DBF76C8
0240: B27AD8CABCCE617EFFA267130203010001A350304E301D0603551D0E04160414
0260: E42C3BADA25A1D1729DDE81F17C780B2CD502CA5301F0603551D230418301680
0280: 14E42C3BADA25A1D1729DDE81F17C780B2CD502CA5300C0603551D1304053003
02A0: 0101FF300D06092A864886F70D01010B0500038201010045F8F30D570F6DD86E
02C0: 8437AB7B56294DB139E05FA999D90B9339B7834F572D74E18F1DDF5CABEF618E
02E0: 75C40710DE1F8B10B309091FE7C7C5D1674772B2C556E38F64ADBF82DA3FD616
0300: 41711E49BB8BEDC43CC4CEAC8D465D2811B5ED89CCAF97623FF97252D931F6CE
0320: D2DB7F4D22CBC65842E58AACDFDD1F0EF0C8E96B0132052021C8746FEB16FE7A
0340: 021DE19CA326B253EB7BB01A41B2BA89B2AD90BE9A5FA068AFF0BBF1ED7CCF92
0360: 4E2888BC8D718C8C14D9D95171630BC76DEB4E267CDBC90A4BB69846BF630457
0380: 8F105772DAE7786981AEC7499C1868CD2C5EE23D4F733F314C3808CAC78534D3
03A0: 7E04D3C5D03900DC03A2ACA3D94E9A3BD3F019047646F8
    EventData - Type: EV_EFI_SPDM_DEVICE_POLICY
      VariableName       - B9C2B4F4-BF5F-462D-8ADF-C5C70AC35DAD
      UnicodeNameLength  - 0x0000000000000005
      VariableDataLength - 0x000000000000038D
      UnicodeName        - devdb
      VariableData       - A1 59 C0 A5 E4 94 A7 4A 87 B5 AB 15 5C 2B F0 72 
                           8D 03 00 00 00 00 00 00 71 03 00 00 F9 4D 77 73 
                           DC BA 11 46 AA 41 B1 2A E4 68 B2 7C 30 82 03 5D 
                           30 82 02 45 A0 03 02 01 02 02 09 00 FA 2B AE FF 
                           E1 8B 71 D9 30 0D 06 09 2A 86 48 86 F7 0D 01 01 
                           0B 05 00 30 45 31 0B 30 09 06 03 55 04 06 13 02 
                           41 55 31 13 30 11 06 03 55 04 08 0C 0A 53 6F 6D 
                           65 2D 53 74 61 74 65 31 21 30 1F 06 03 55 04 0A 
                           0C 18 49 6E 74 65 72 6E 65 74 20 57 69 64 67 69 
                           74 73 20 50 74 79 20 4C 74 64 30 1E 17 0D 32 30 
                           30 31 31 37 31 32 34 38 31 33 5A 17 0D 33 30 30 
                           31 31 34 31 32 34 38 31 33 5A 30 45 31 0B 30 09 
                           06 03 55 04 06 13 02 41 55 31 13 30 11 06 03 55 
                           04 08 0C 0A 53 6F 6D 65 2D 53 74 61 74 65 31 21 
                           30 1F 06 03 55 04 0A 0C 18 49 6E 74 65 72 6E 65 
                           74 20 57 69 64 67 69 74 73 20 50 74 79 20 4C 74 
                           64 30 82 01 22 30 0D 06 09 2A 86 48 86 F7 0D 01 
                           01 01 05 00 03 82 01 0F 00 30 82 01 0A 02 82 01 
                           01 00 D2 29 9C 18 58 9C 65 67 E0 14 C7 17 43 CE 
                           EC F9 7B C6 F1 B6 4E 6B 8B EF B7 DE 8D 8A B2 7B 
                           D3 8C 7D F7 77 6B E3 A7 66 81 22 7A 11 B1 17 F2 
                           14 6B 3F 1F AC CA 7D 64 E9 61 79 FF 7D 18 6E 6C 
                           57 E7 2E F1 05 94 B3 BF 27 0E 8C DA 43 A2 63 74 
                           FE B1 F1 68 68 5C B3 63 1A 51 C1 86 A9 BE 3C 12 
                           FB 91 7D 20 2C A3 3C 5F 20 7F C0 E0 EC 9A D2 A0 
                           4A 97 B4 FA 59 2D 4A E9 3D 6A D5 DE 07 6E CD B4 
                           7C D9 8D 4B 15 12 86 AD 9D E9 BD 4F 85 E1 34 32 
                           0B 9C C3 D7 77 59 1F 1E 45 90 8B 9D 0B D2 FD 19 
                           19 C8 0C F8 30 BB 4F 13 43 B4 43 2D F3 D3 D1 BF 
                           1E 55 C7 54 25 98 6F 9E C9 D6 EB 14 2A B0 E5 23 
                           E7 CE B9 FC DD 5D 2D 62 B5 C9 A5 EC DA E3 39 DD 
                           44 7C FF 76 B2 D0 D4 09 5C AC 99 DC 6B 8D 84 DD 
                           38 DD 2F 2B FB 61 14 3C C1 FE CF 08 CA 01 E7 27 
                           8A 08 2D BF 76 C8 B2 7A D8 CA BC CE 61 7E FF A2 
                           67 13 02 03 01 00 01 A3 50 30 4E 30 1D 06 03 55 
                           1D 0E 04 16 04 14 E4 2C 3B AD A2 5A 1D 17 29 DD 
                           E8 1F 17 C7 80 B2 CD 50 2C A5 30 1F 06 03 55 1D 
                           23 04 18 30 16 80 14 E4 2C 3B AD A2 5A 1D 17 29 
                           DD E8 1F 17 C7 80 B2 CD 50 2C A5 30 0C 06 03 55 
                           1D 13 04 05 30 03 01 01 FF 30 0D 06 09 2A 86 48 
                           86 F7 0D 01 01 0B 05 00 03 82 01 01 00 45 F8 F3 
                           0D 57 0F 6D D8 6E 84 37 AB 7B 56 29 4D B1 39 E0 
                           5F A9 99 D9 0B 93 39 B7 83 4F 57 2D 74 E1 8F 1D 
                           DF 5C AB EF 61 8E 75 C4 07 10 DE 1F 8B 10 B3 09 
                           09 1F E7 C7 C5 D1 67 47 72 B2 C5 56 E3 8F 64 AD 
                           BF 82 DA 3F D6 16 41 71 1E 49 BB 8B ED C4 3C C4 
                           CE AC 8D 46 5D 28 11 B5 ED 89 CC AF 97 62 3F F9 
                           72 52 D9 31 F6 CE D2 DB 7F 4D 22 CB C6 58 42 E5 
                           8A AC DF DD 1F 0E F0 C8 E9 6B 01 32 05 20 21 C8 
                           74 6F EB 16 FE 7A 02 1D E1 9C A3 26 B2 53 EB 7B 
                           B0 1A 41 B2 BA 89 B2 AD 90 BE 9A 5F A0 68 AF F0 
                           BB F1 ED 7C CF 92 4E 28 88 BC 8D 71 8C 8C 14 D9 
                           D9 51 71 63 0B C7 6D EB 4E 26 7C DB C9 0A 4B B6 
                           98 46 BF 63 04 57 8F 10 57 72 DA E7 78 69 81 AE 
                           C7 49 9C 18 68 CD 2C 5E E2 3D 4F 73 3F 31 4C 38 
                           08 CA C7 85 34 D3 7E 04 D3 C5 D0 39 00 DC 03 A2 
                           AC A3 D9 4E 9A 3B D3 F0 19 04 76 46 F8 
      ==================
      EFI_SIGNATURE_LIST :
        SignatureType       - A5C059A1-94E4-4AA7-87B5-AB155C2BF072
        SignatureListSize   - 0x0000038D
        SignatureHeaderSize - 0x00000000
        SignatureSize       - 0x00000371
        SignatureHeader     - 
        EFI_SIGNATURE_DATA :
          SignatureOwner    - 73774DF9-BADC-4611-AA41-B12AE468B27C
          SignatureData     - 30 82 03 5D 30 82 02 45 A0 03 02 01 02 02 09 00 
                              FA 2B AE FF E1 8B 71 D9 30 0D 06 09 2A 86 48 86 
                              F7 0D 01 01 0B 05 00 30 45 31 0B 30 09 06 03 55 
                              04 06 13 02 41 55 31 13 30 11 06 03 55 04 08 0C 
                              0A 53 6F 6D 65 2D 53 74 61 74 65 31 21 30 1F 06 
                              03 55 04 0A 0C 18 49 6E 74 65 72 6E 65 74 20 57 
                              69 64 67 69 74 73 20 50 74 79 20 4C 74 64 30 1E 
                              17 0D 32 30 30 31 31 37 31 32 34 38 31 33 5A 17 
                              0D 33 30 30 31 31 34 31 32 34 38 31 33 5A 30 45 
                              31 0B 30 09 06 03 55 04 06 13 02 41 55 31 13 30 
                              11 06 03 55 04 08 0C 0A 53 6F 6D 65 2D 53 74 61 
                              74 65 31 21 30 1F 06 03 55 04 0A 0C 18 49 6E 74 
                              65 72 6E 65 74 20 57 69 64 67 69 74 73 20 50 74 
                              79 20 4C 74 64 30 82 01 22 30 0D 06 09 2A 86 48 
                              86 F7 0D 01 01 01 05 00 03 82 01 0F 00 30 82 01 
                              0A 02 82 01 01 00 D2 29 9C 18 58 9C 65 67 E0 14 
                              C7 17 43 CE EC F9 7B C6 F1 B6 4E 6B 8B EF B7 DE 
                              8D 8A B2 7B D3 8C 7D F7 77 6B E3 A7 66 81 22 7A 
                              11 B1 17 F2 14 6B 3F 1F AC CA 7D 64 E9 61 79 FF 
                              7D 18 6E 6C 57 E7 2E F1 05 94 B3 BF 27 0E 8C DA 
                              43 A2 63 74 FE B1 F1 68 68 5C B3 63 1A 51 C1 86 
                              A9 BE 3C 12 FB 91 7D 20 2C A3 3C 5F 20 7F C0 E0 
                              EC 9A D2 A0 4A 97 B4 FA 59 2D 4A E9 3D 6A D5 DE 
                              07 6E CD B4 7C D9 8D 4B 15 12 86 AD 9D E9 BD 4F 
                              85 E1 34 32 0B 9C C3 D7 77 59 1F 1E 45 90 8B 9D 
                              0B D2 FD 19 19 C8 0C F8 30 BB 4F 13 43 B4 43 2D 
                              F3 D3 D1 BF 1E 55 C7 54 25 98 6F 9E C9 D6 EB 14 
                              2A B0 E5 23 E7 CE B9 FC DD 5D 2D 62 B5 C9 A5 EC 
                              DA E3 39 DD 44 7C FF 76 B2 D0 D4 09 5C AC 99 DC 
                              6B 8D 84 DD 38 DD 2F 2B FB 61 14 3C C1 FE CF 08 
                              CA 01 E7 27 8A 08 2D BF 76 C8 B2 7A D8 CA BC CE 
                              61 7E FF A2 67 13 02 03 01 00 01 A3 50 30 4E 30 
                              1D 06 03 55 1D 0E 04 16 04 14 E4 2C 3B AD A2 5A 
                              1D 17 29 DD E8 1F 17 C7 80 B2 CD 50 2C A5 30 1F 
                              06 03 55 1D 23 04 18 30 16 80 14 E4 2C 3B AD A2 
                              5A 1D 17 29 DD E8 1F 17 C7 80 B2 CD 50 2C A5 30 
                              0C 06 03 55 1D 13 04 05 30 03 01 01 FF 30 0D 06 
                              09 2A 86 48 86 F7 0D 01 01 0B 05 00 03 82 01 01 
                              00 45 F8 F3 0D 57 0F 6D D8 6E 84 37 AB 7B 56 29 
                              4D B1 39 E0 5F A9 99 D9 0B 93 39 B7 83 4F 57 2D 
                              74 E1 8F 1D DF 5C AB EF 61 8E 75 C4 07 10 DE 1F 
                              8B 10 B3 09 09 1F E7 C7 C5 D1 67 47 72 B2 C5 56 
                              E3 8F 64 AD BF 82 DA 3F D6 16 41 71 1E 49 BB 8B 
                              ED C4 3C C4 CE AC 8D 46 5D 28 11 B5 ED 89 CC AF 
                              97 62 3F F9 72 52 D9 31 F6 CE D2 DB 7F 4D 22 CB 
                              C6 58 42 E5 8A AC DF DD 1F 0E F0 C8 E9 6B 01 32 
                              05 20 21 C8 74 6F EB 16 FE 7A 02 1D E1 9C A3 26 
                              B2 53 EB 7B B0 1A 41 B2 BA 89 B2 AD 90 BE 9A 5F 
                              A0 68 AF F0 BB F1 ED 7C CF 92 4E 28 88 BC 8D 71 
                              8C 8C 14 D9 D9 51 71 63 0B C7 6D EB 4E 26 7C DB 
                              C9 0A 4B B6 98 46 BF 63 04 57 8F 10 57 72 DA E7 
                              78 69 81 AE C7 49 9C 18 68 CD 2C 5E E2 3D 4F 73 
                              3F 31 4C 38 08 CA C7 85 34 D3 7E 04 D3 C5 D0 39 
                              00 DC 03 A2 AC A3 D9 4E 9A 3B D3 F0 19 04 76 46 
                              F8 
      ==================
  Event:
    PCRIndex  - 0x01C40200 (NvIndex)
    EventType - 0x00000003
    DigestCount: 0x00000001
    HashAlgo : 0x000C
    Digest(0): D9815F0B0941CC7AEF981334619E4CBB10C70C5FD2E2A0D84D3677F42310FC5447F67FA78A5A6CD2A38A12FD7789C9DE
    EventSize - 0x000003FD
0000: 4E76496E646578496E7374616E63650000000000000000005350444D20446576
0020: 696365205365633202000000FD03000001000000020000008B03000001000000
0040: 00000000160000000000000002010C00D041030A000000000101060000007FFF
0060: 040011000100000085030000D909BCC89AB7D792F29E02E48328F6EFEA464FF6
0080: 51016A832F366DD14891BB573082035D30820245A003020102020900FA2BAEFF
00A0: E18B71D9300D06092A864886F70D01010B05003045310B300906035504061302
00C0: 41553113301106035504080C0A536F6D652D53746174653121301F060355040A
00E0: 0C18496E7465726E6574205769646769747320507479204C7464301E170D3230
0100: 303131373132343831335A170D3330303131343132343831335A3045310B3009
0120: 0603550406130241553113301106035504080C0A536F6D652D53746174653121
0140: 301F060355040A0C18496E7465726E6574205769646769747320507479204C74
0160: 6430820122300D06092A864886F70D01010105000382010F003082010A028201
0180: 0100D2299C18589C6567E014C71743CEECF97BC6F1B64E6B8BEFB7DE8D8AB27B
01A0: D38C7DF7776BE3A76681227A11B117F2146B3F1FACCA7D64E96179FF7D186E6C
01C0: 57E72EF10594B3BF270E8CDA43A26374FEB1F168685CB3631A51C186A9BE3C12
01E0: FB917D202CA33C5F207FC0E0EC9AD2A04A97B4FA592D4AE93D6AD5DE076ECDB4
0200: 7CD98D4B151286AD9DE9BD4F85E134320B9CC3D777591F1E45908B9D0BD2FD19
0220: 19C80CF830BB4F1343B4432DF3D3D1BF1E55C75425986F9EC9D6EB142AB0E523
0240: E7CEB9FCDD5D2D62B5C9A5ECDAE339DD447CFF76B2D0D4095CAC99DC6B8D84DD
0260: 38DD2F2BFB61143CC1FECF08CA01E7278A082DBF76C8B27AD8CABCCE617EFFA2
0280: 67130203010001A350304E301D0603551D0E04160414E42C3BADA25A1D1729DD
02A0: E81F17C780B2CD502CA5301F0603551D23041830168014E42C3BADA25A1D1729
02C0: DDE81F17C780B2CD502CA5300C0603551D13040530030101FF300D06092A8648
02E0: 86F70D01010B0500038201010045F8F30D570F6DD86E8437AB7B56294DB139E0
0300: 5FA999D90B9339B7834F572D74E18F1DDF5CABEF618E75C40710DE1F8B10B309
0320: 091FE7C7C5D1674772B2C556E38F64ADBF82DA3FD61641711E49BB8BEDC43CC4
0340: CEAC8D465D2811B5ED89CCAF97623FF97252D931F6CED2DB7F4D22CBC65842E5
0360: 8AACDFDD1F0EF0C8E96B0132052021C8746FEB16FE7A021DE19CA326B253EB7B
0380: B01A41B2BA89B2AD90BE9A5FA068AFF0BBF1ED7CCF924E2888BC8D718C8C14D9
03A0: D95171630BC76DEB4E267CDBC90A4BB69846BF6304578F105772DAE7786981AE
03C0: C7499C1868CD2C5EE23D4F733F314C3808CAC78534D37E04D3C5D03900DC03A2
03E0: ACA3D94E9A3BD3F019047646F8000010008680600B0002080186800000
    EventData - Type: EV_NO_ACTION
      TcgNvIndexInstanceEvent:
        Signature       - 'NvIndexInstance '
        Version         - 0x0000
    TcgDeviceSecurityEvent2:
      Signature         - 'SPDM Device Sec2'
      Version           - 0x0002
      Length            - 0x000003FD
      DeviceType        - 0x00000001
      SubHeaderType     - 0x00000002
      SubHeaderLength   - 0x0000038B
      SubHeaderUID      - 0x0000000000000001
      DevicePathLength  - 0x0000000000000016
      DevicePath        - PciRoot(0x0)/Pci(0x0,0x0)
      SpdmCertChainSubHeader:
        SpdmVersion   - 0x0011
        SpdmHashAlgo  - 0x00000001
        SpdmCertChain:
          Length      - 0x0385
          Digest      - D909BCC89AB7D792F29E02E48328F6EFEA464FF651016A832F366DD14891BB57
          Cert        - 30 82 03 5D 30 82 02 45 A0 03 02 01 02 02 09 00 
                        FA 2B AE FF E1 8B 71 D9 30 0D 06 09 2A 86 48 86 
                        F7 0D 01 01 0B 05 00 30 45 31 0B 30 09 06 03 55 
                        04 06 13 02 41 55 31 13 30 11 06 03 55 04 08 0C 
                        0A 53 6F 6D 65 2D 53 74 61 74 65 31 21 30 1F 06 
                        03 55 04 0A 0C 18 49 6E 74 65 72 6E 65 74 20 57 
                        69 64 67 69 74 73 20 50 74 79 20 4C 74 64 30 1E 
                        17 0D 32 30 30 31 31 37 31 32 34 38 31 33 5A 17 
                        0D 33 30 30 31 31 34 31 32 34 38 31 33 5A 30 45 
                        31 0B 30 09 06 03 55 04 06 13 02 41 55 31 13 30 
                        11 06 03 55 04 08 0C 0A 53 6F 6D 65 2D 53 74 61 
                        74 65 31 21 30 1F 06 03 55 04 0A 0C 18 49 6E 74 
                        65 72 6E 65 74 20 57 69 64 67 69 74 73 20 50 74 
                        79 20 4C 74 64 30 82 01 22 30 0D 06 09 2A 86 48 
                        86 F7 0D 01 01 01 05 00 03 82 01 0F 00 30 82 01 
                        0A 02 82 01 01 00 D2 29 9C 18 58 9C 65 67 E0 14 
                        C7 17 43 CE EC F9 7B C6 F1 B6 4E 6B 8B EF B7 DE 
                        8D 8A B2 7B D3 8C 7D F7 77 6B E3 A7 66 81 22 7A 
                        11 B1 17 F2 14 6B 3F 1F AC CA 7D 64 E9 61 79 FF 
                        7D 18 6E 6C 57 E7 2E F1 05 94 B3 BF 27 0E 8C DA 
                        43 A2 63 74 FE B1 F1 68 68 5C B3 63 1A 51 C1 86 
                        A9 BE 3C 12 FB 91 7D 20 2C A3 3C 5F 20 7F C0 E0 
                        EC 9A D2 A0 4A 97 B4 FA 59 2D 4A E9 3D 6A D5 DE 
                        07 6E CD B4 7C D9 8D 4B 15 12 86 AD 9D E9 BD 4F 
                        85 E1 34 32 0B 9C C3 D7 77 59 1F 1E 45 90 8B 9D 
                        0B D2 FD 19 19 C8 0C F8 30 BB 4F 13 43 B4 43 2D 
                        F3 D3 D1 BF 1E 55 C7 54 25 98 6F 9E C9 D6 EB 14 
                        2A B0 E5 23 E7 CE B9 FC DD 5D 2D 62 B5 C9 A5 EC 
                        DA E3 39 DD 44 7C FF 76 B2 D0 D4 09 5C AC 99 DC 
                        6B 8D 84 DD 38 DD 2F 2B FB 61 14 3C C1 FE CF 08 
                        CA 01 E7 27 8A 08 2D BF 76 C8 B2 7A D8 CA BC CE 
                        61 7E FF A2 67 13 02 03 01 00 01 A3 50 30 4E 30 
                        1D 06 03 55 1D 0E 04 16 04 14 E4 2C 3B AD A2 5A 
                        1D 17 29 DD E8 1F 17 C7 80 B2 CD 50 2C A5 30 1F 
                        06 03 55 1D 23 04 18 30 16 80 14 E4 2C 3B AD A2 
                        5A 1D 17 29 DD E8 1F 17 C7 80 B2 CD 50 2C A5 30 
                        0C 06 03 55 1D 13 04 05 30 03 01 01 FF 30 0D 06 
                        09 2A 86 48 86 F7 0D 01 01 0B 05 00 03 82 01 01 
                        00 45 F8 F3 0D 57 0F 6D D8 6E 84 37 AB 7B 56 29 
                        4D B1 39 E0 5F A9 99 D9 0B 93 39 B7 83 4F 57 2D 
                        74 E1 8F 1D DF 5C AB EF 61 8E 75 C4 07 10 DE 1F 
                        8B 10 B3 09 09 1F E7 C7 C5 D1 67 47 72 B2 C5 56 
                        E3 8F 64 AD BF 82 DA 3F D6 16 41 71 1E 49 BB 8B 
                        ED C4 3C C4 CE AC 8D 46 5D 28 11 B5 ED 89 CC AF 
                        97 62 3F F9 72 52 D9 31 F6 CE D2 DB 7F 4D 22 CB 
                        C6 58 42 E5 8A AC DF DD 1F 0E F0 C8 E9 6B 01 32 
                        05 20 21 C8 74 6F EB 16 FE 7A 02 1D E1 9C A3 26 
                        B2 53 EB 7B B0 1A 41 B2 BA 89 B2 AD 90 BE 9A 5F 
                        A0 68 AF F0 BB F1 ED 7C CF 92 4E 28 88 BC 8D 71 
                        8C 8C 14 D9 D9 51 71 63 0B C7 6D EB 4E 26 7C DB 
                        C9 0A 4B B6 98 46 BF 63 04 57 8F 10 57 72 DA E7 
                        78 69 81 AE C7 49 9C 18 68 CD 2C 5E E2 3D 4F 73 
                        3F 31 4C 38 08 CA C7 85 34 D3 7E 04 D3 C5 D0 39 
                        00 DC 03 A2 AC A3 D9 4E 9A 3B D3 F0 19 04 76 46 
                        F8 
      DeviceSecurityEventData - PCI Context
        Version           - 0x0000
        Length            - 0x0010
        VendorId          - 0x8086
        DeviceId          - 0x0B60
        RevisionID        - 0x00
        ClassCode         - 0x010802
        SubsystemVendorID - 0x8086
        SubsystemID       - 0x0000
  Event:
    PCRIndex  - 7
    EventType - 0x800000E4
    DigestCount: 0x00000001
    HashAlgo : 0x000C
    Digest(0): 9EED7A31036CCD58119AC5EFC6C647F147A825EF9D05AA43BA80B21BE2D317E11F496BCBB6D5CE39ED65AAF72A9EBFFB
    EventSize - 0x000003BF
0000: F4B4C2B95FBF2D468ADFC5C70AC35DAD05000000000000009503000000000000
0020: 6400650076006400620032071AAAFD8A3246962DFF855626F5013082035D3082
0040: 0245A003020102020900FA2BAEFFE18B71D9300D06092A864886F70D01010B05
0060: 003045310B30090603550406130241553113301106035504080C0A536F6D652D
0080: 53746174653121301F060355040A0C18496E7465726E65742057696467697473
00A0: 20507479204C7464301E170D3230303131373132343831335A170D3330303131
00C0: 343132343831335A3045310B3009060355040613024155311330110603550408
00E0: 0C0A536F6D652D53746174653121301F060355040A0C18496E7465726E657420
0100: 5769646769747320507479204C746430820122300D06092A864886F70D010101
0120: 05000382010F003082010A0282010100D2299C18589C6567E014C71743CEECF9
0140: 7BC6F1B64E6B8BEFB7DE8D8AB27BD38C7DF7776BE3A76681227A11B117F2146B
0160: 3F1FACCA7D64E96179FF7D186E6C57E72EF10594B3BF270E8CDA43A26374FEB1
0180: F168685CB3631A51C186A9BE3C12FB917D202CA33C5F207FC0E0EC9AD2A04A97
01A0: B4FA592D4AE93D6AD5DE076ECDB47CD98D4B151286AD9DE9BD4F85E134320B9C
01C0: C3D777591F1E45908B9D0BD2FD1919C80CF830BB4F1343B4432DF3D3D1BF1E55
01E0: C75425986F9EC9D6EB142AB0E523E7CEB9FCDD5D2D62B5C9A5ECDAE339DD447C
0200: FF76B2D0D4095CAC99DC6B8D84DD38DD2F2BFB61143CC1FECF08CA01E7278A08
0220: 2DBF76C8B27AD8CABCCE617EFFA267130203010001A350304E301D0603551D0E
0240: 04160414E42C3BADA25A1D1729DDE81F17C780B2CD502CA5301F0603551D2304
0260: 1830168014E42C3BADA25A1D1729DDE81F17C780B2CD502CA5300C0603551D13
0280: 040530030101FF300D06092A864886F70D01010B0500038201010045F8F30D57
02A0: 0F6DD86E8437AB7B56294DB139E05FA999D90B9339B7834F572D74E18F1DDF5C
02C0: ABEF618E75C40710DE1F8B10B309091FE7C7C5D1674772B2C556E38F64ADBF82
02E0: DA3FD61641711E49BB8BEDC43CC4CEAC8D465D2811B5ED89CCAF97623FF97252
0300: D931F6CED2DB7F4D22CBC65842E58AACDFDD1F0EF0C8E96B0132052021C8746F
0320: EB16FE7A021DE19CA326B253EB7BB01A41B2BA89B2AD90BE9A5FA068AFF0BBF1
0340: ED7CCF924E2888BC8D718C8C14D9D95171630BC76DEB4E267CDBC90A4BB69846
0360: BF6304578F105772DAE7786981AEC7499C1868CD2C5EE23D4F733F314C3808CA
0380: C78534D37E04D3C5D03900DC03A2ACA3D94E9A3BD3F019047646F8AFAFAFAFAF
03A0: AFAF7074616CAFAFAFAFE003000000000000AFAFAFAFAFAFAFAFAFAFAFAFAF
    EventData - Type: EV_EFI_SPDM_DEVICE_AUTHORITY
      VariableName       - B9C2B4F4-BF5F-462D-8ADF-C5C70AC35DAD
      UnicodeNameLength  - 0x0000000000000005
      VariableDataLength - 0x0000000000000395
      UnicodeName        - devdb
      VariableData       - 32 07 1A AA FD 8A 32 46 96 2D FF 85 56 26 F5 01 
                           30 82 03 5D 30 82 02 45 A0 03 02 01 02 02 09 00 
                           FA 2B AE FF E1 8B 71 D9 30 0D 06 09 2A 86 48 86 
                           F7 0D 01 01 0B 05 00 30 45 31 0B 30 09 06 03 55 
                           04 06 13 02 41 55 31 13 30 11 06 03 55 04 08 0C 
                           0A 53 6F 6D 65 2D 53 74 61 74 65 31 21 30 1F 06 
                           03 55 04 0A 0C 18 49 6E 74 65 72 6E 65 74 20 57 
                           69 64 67 69 74 73 20 50 74 79 20 4C 74 64 30 1E 
                           17 0D 32 30 30 31 31 37 31 32 34 38 31 33 5A 17 
                           0D 33 30 30 31 31 34 31 32 34 38 31 33 5A 30 45 
                           31 0B 30 09 06 03 55 04 06 13 02 41 55 31 13 30 
                           11 06 03 55 04 08 0C 0A 53 6F 6D 65 2D 53 74 61 
                           74 65 31 21 30 1F 06 03 55 04 0A 0C 18 49 6E 74 
                           65 72 6E 65 74 20 57 69 64 67 69 74 73 20 50 74 
                           79 20 4C 74 64 30 82 01 22 30 0D 06 09 2A 86 48 
                           86 F7 0D 01 01 01 05 00 03 82 01 0F 00 30 82 01 
                           0A 02 82 01 01 00 D2 29 9C 18 58 9C 65 67 E0 14 
                           C7 17 43 CE EC F9 7B C6 F1 B6 4E 6B 8B EF B7 DE 
                           8D 8A B2 7B D3 8C 7D F7 77 6B E3 A7 66 81 22 7A 
                           11 B1 17 F2 14 6B 3F 1F AC CA 7D 64 E9 61 79 FF 
                           7D 18 6E 6C 57 E7 2E F1 05 94 B3 BF 27 0E 8C DA 
                           43 A2 63 74 FE B1 F1 68 68 5C B3 63 1A 51 C1 86 
                           A9 BE 3C 12 FB 91 7D 20 2C A3 3C 5F 20 7F C0 E0 
                           EC 9A D2 A0 4A 97 B4 FA 59 2D 4A E9 3D 6A D5 DE 
                           07 6E CD B4 7C D9 8D 4B 15 12 86 AD 9D E9 BD 4F 
                           85 E1 34 32 0B 9C C3 D7 77 59 1F 1E 45 90 8B 9D 
                           0B D2 FD 19 19 C8 0C F8 30 BB 4F 13 43 B4 43 2D 
                           F3 D3 D1 BF 1E 55 C7 54 25 98 6F 9E C9 D6 EB 14 
                           2A B0 E5 23 E7 CE B9 FC DD 5D 2D 62 B5 C9 A5 EC 
                           DA E3 39 DD 44 7C FF 76 B2 D0 D4 09 5C AC 99 DC 
                           6B 8D 84 DD 38 DD 2F 2B FB 61 14 3C C1 FE CF 08 
                           CA 01 E7 27 8A 08 2D BF 76 C8 B2 7A D8 CA BC CE 
                           61 7E FF A2 67 13 02 03 01 00 01 A3 50 30 4E 30 
                           1D 06 03 55 1D 0E 04 16 04 14 E4 2C 3B AD A2 5A 
                           1D 17 29 DD E8 1F 17 C7 80 B2 CD 50 2C A5 30 1F 
                           06 03 55 1D 23 04 18 30 16 80 14 E4 2C 3B AD A2 
                           5A 1D 17 29 DD E8 1F 17 C7 80 B2 CD 50 2C A5 30 
                           0C 06 03 55 1D 13 04 05 30 03 01 01 FF 30 0D 06 
                           09 2A 86 48 86 F7 0D 01 01 0B 05 00 03 82 01 01 
                           00 45 F8 F3 0D 57 0F 6D D8 6E 84 37 AB 7B 56 29 
                           4D B1 39 E0 5F A9 99 D9 0B 93 39 B7 83 4F 57 2D 
                           74 E1 8F 1D DF 5C AB EF 61 8E 75 C4 07 10 DE 1F 
                           8B 10 B3 09 09 1F E7 C7 C5 D1 67 47 72 B2 C5 56 
                           E3 8F 64 AD BF 82 DA 3F D6 16 41 71 1E 49 BB 8B 
                           ED C4 3C C4 CE AC 8D 46 5D 28 11 B5 ED 89 CC AF 
                           97 62 3F F9 72 52 D9 31 F6 CE D2 DB 7F 4D 22 CB 
                           C6 58 42 E5 8A AC DF DD 1F 0E F0 C8 E9 6B 01 32 
                           05 20 21 C8 74 6F EB 16 FE 7A 02 1D E1 9C A3 26 
                           B2 53 EB 7B B0 1A 41 B2 BA 89 B2 AD 90 BE 9A 5F 
                           A0 68 AF F0 BB F1 ED 7C CF 92 4E 28 88 BC 8D 71 
                           8C 8C 14 D9 D9 51 71 63 0B C7 6D EB 4E 26 7C DB 
                           C9 0A 4B B6 98 46 BF 63 04 57 8F 10 57 72 DA E7 
                           78 69 81 AE C7 49 9C 18 68 CD 2C 5E E2 3D 4F 73 
                           3F 31 4C 38 08 CA C7 85 34 D3 7E 04 D3 C5 D0 39 
                           00 DC 03 A2 AC A3 D9 4E 9A 3B D3 F0 19 04 76 46 
                           F8 AF AF AF AF AF AF AF 70 74 61 6C AF AF AF AF 
                           E0 03 00 00 00 00 00 00 AF AF AF AF AF AF AF AF 
                           AF AF AF AF AF 
      ==================
      EFI_SIGNATURE_DATA :
        SignatureOwner    - AA1A0732-8AFD-4632-962D-FF855626F501
        SignatureData     - 30 82 03 5D 30 82 02 45 A0 03 02 01 02 02 09 00 
                            FA 2B AE FF E1 8B 71 D9 30 0D 06 09 2A 86 48 86 
                            F7 0D 01 01 0B 05 00 30 45 31 0B 30 09 06 03 55 
                            04 06 13 02 41 55 31 13 30 11 06 03 55 04 08 0C 
                            0A 53 6F 6D 65 2D 53 74 61 74 65 31 21 30 1F 06 
                            03 55 04 0A 0C 18 49 6E 74 65 72 6E 65 74 20 57 
                            69 64 67 69 74 73 20 50 74 79 20 4C 74 64 30 1E 
                            17 0D 32 30 30 31 31 37 31 32 34 38 31 33 5A 17 
                            0D 33 30 30 31 31 34 31 32 34 38 31 33 5A 30 45 
                            31 0B 30 09 06 03 55 04 06 13 02 41 55 31 13 30 
                            11 06 03 55 04 08 0C 0A 53 6F 6D 65 2D 53 74 61 
                            74 65 31 21 30 1F 06 03 55 04 0A 0C 18 49 6E 74 
                            65 72 6E 65 74 20 57 69 64 67 69 74 73 20 50 74 
                            79 20 4C 74 64 30 82 01 22 30 0D 06 09 2A 86 48 
                            86 F7 0D 01 01 01 05 00 03 82 01 0F 00 30 82 01 
                            0A 02 82 01 01 00 D2 29 9C 18 58 9C 65 67 E0 14 
                            C7 17 43 CE EC F9 7B C6 F1 B6 4E 6B 8B EF B7 DE 
                            8D 8A B2 7B D3 8C 7D F7 77 6B E3 A7 66 81 22 7A 
                            11 B1 17 F2 14 6B 3F 1F AC CA 7D 64 E9 61 79 FF 
                            7D 18 6E 6C 57 E7 2E F1 05 94 B3 BF 27 0E 8C DA 
                            43 A2 63 74 FE B1 F1 68 68 5C B3 63 1A 51 C1 86 
                            A9 BE 3C 12 FB 91 7D 20 2C A3 3C 5F 20 7F C0 E0 
                            EC 9A D2 A0 4A 97 B4 FA 59 2D 4A E9 3D 6A D5 DE 
                            07 6E CD B4 7C D9 8D 4B 15 12 86 AD 9D E9 BD 4F 
                            85 E1 34 32 0B 9C C3 D7 77 59 1F 1E 45 90 8B 9D 
                            0B D2 FD 19 19 C8 0C F8 30 BB 4F 13 43 B4 43 2D 
                            F3 D3 D1 BF 1E 55 C7 54 25 98 6F 9E C9 D6 EB 14 
                            2A B0 E5 23 E7 CE B9 FC DD 5D 2D 62 B5 C9 A5 EC 
                            DA E3 39 DD 44 7C FF 76 B2 D0 D4 09 5C AC 99 DC 
                            6B 8D 84 DD 38 DD 2F 2B FB 61 14 3C C1 FE CF 08 
                            CA 01 E7 27 8A 08 2D BF 76 C8 B2 7A D8 CA BC CE 
                            61 7E FF A2 67 13 02 03 01 00 01 A3 50 30 4E 30 
                            1D 06 03 55 1D 0E 04 16 04 14 E4 2C 3B AD A2 5A 
                            1D 17 29 DD E8 1F 17 C7 80 B2 CD 50 2C A5 30 1F 
                            06 03 55 1D 23 04 18 30 16 80 14 E4 2C 3B AD A2 
                            5A 1D 17 29 DD E8 1F 17 C7 80 B2 CD 50 2C A5 30 
                            0C 06 03 55 1D 13 04 05 30 03 01 01 FF 30 0D 06 
                            09 2A 86 48 86 F7 0D 01 01 0B 05 00 03 82 01 01 
                            00 45 F8 F3 0D 57 0F 6D D8 6E 84 37 AB 7B 56 29 
                            4D B1 39 E0 5F A9 99 D9 0B 93 39 B7 83 4F 57 2D 
                            74 E1 8F 1D DF 5C AB EF 61 8E 75 C4 07 10 DE 1F 
                            8B 10 B3 09 09 1F E7 C7 C5 D1 67 47 72 B2 C5 56 
                            E3 8F 64 AD BF 82 DA 3F D6 16 41 71 1E 49 BB 8B 
                            ED C4 3C C4 CE AC 8D 46 5D 28 11 B5 ED 89 CC AF 
                            97 62 3F F9 72 52 D9 31 F6 CE D2 DB 7F 4D 22 CB 
                            C6 58 42 E5 8A AC DF DD 1F 0E F0 C8 E9 6B 01 32 
                            05 20 21 C8 74 6F EB 16 FE 7A 02 1D E1 9C A3 26 
                            B2 53 EB 7B B0 1A 41 B2 BA 89 B2 AD 90 BE 9A 5F 
                            A0 68 AF F0 BB F1 ED 7C CF 92 4E 28 88 BC 8D 71 
                            8C 8C 14 D9 D9 51 71 63 0B C7 6D EB 4E 26 7C DB 
                            C9 0A 4B B6 98 46 BF 63 04 57 8F 10 57 72 DA E7 
                            78 69 81 AE C7 49 9C 18 68 CD 2C 5E E2 3D 4F 73 
                            3F 31 4C 38 08 CA C7 85 34 D3 7E 04 D3 C5 D0 39 
                            00 DC 03 A2 AC A3 D9 4E 9A 3B D3 F0 19 04 76 46 
                            F8 AF AF AF AF AF AF AF 70 74 61 6C AF AF AF AF 
                            E0 03 00 00 00 00 00 00 AF AF AF AF AF AF AF AF 
                            AF AF AF AF AF 
      ==================
  Event:
    PCRIndex  - 2
    EventType - 0x800000E1
    DigestCount: 0x00000001
    HashAlgo : 0x000C
    Digest(0): DBEBCA2ADF22AAA77D514A69C7FCB4BB4963822AF58F94299F84E97751575E86B7033CB93C5B12C6F469AF73096E1ED5
    EventSize - 0x00000081
0000: 5350444D20446576696365205365633202000000810000000100000001000000
0020: 270000000100000000000000160000000000000002010C00D041030A00000000
0040: 0101060000007FFF040011000100000001C5ACFD167F9B7A3B74588A61F3C0CB
0060: 3FFDFE82518E6EF053BF471B1B4B09A4A8000010008680600B00020801868000
0080: 00
    EventData - Type: EV_EFI_SPDM_FIRMWARE_BLOB
    TcgDeviceSecurityEvent2:
      Signature         - 'SPDM Device Sec2'
      Version           - 0x0002
      Length            - 0x00000081
      DeviceType        - 0x00000001
      SubHeaderType     - 0x00000001
      SubHeaderLength   - 0x00000027
      SubHeaderUID      - 0x0000000000000001
      DevicePathLength  - 0x0000000000000016
      DevicePath        - PciRoot(0x0)/Pci(0x0,0x0)
      SpdmCertChainSubHeader:
        SpdmVersion                    - 0x0011
        SpdmHashAlgo                   - 0x00000001
        SpdmMeasurementSummaryHashType - 0x01
          SpdmMeasurementSummaryHash   - C5ACFD167F9B7A3B74588A61F3C0CB3FFDFE82518E6EF053BF471B1B4B09A4A8
      DeviceSecurityEventData - PCI Context
        Version           - 0x0000
        Length            - 0x0010
        VendorId          - 0x8086
        DeviceId          - 0x0B60
        RevisionID        - 0x00
        ClassCode         - 0x010802
        SubsystemVendorID - 0x8086
        SubsystemID       - 0x0000
  Event:
    PCRIndex  - 0x01C40201 (NvIndex)
    EventType - 0x00000003
    DigestCount: 0x00000001
    HashAlgo : 0x000C
    Digest(0): E95ECD18ED96B96C2DCFCDADF381DF0B51AF9114D9E86F035331DDBCF4467EE0B26C2788F1388A28488F960053DD3D26
    EventSize - 0x00000053
0000: 4E76496E64657844796E616D6963200000000000000000000100000000000000
0020: 0F005350444D204348414C4C454E4745002000D6E418E76C7D0CEC245E5D56AC
0040: F9E4675618B47E4577E32BDD13A7329571087D
    EventData - Type: EV_NO_ACTION
      TcgNvIndexDynamicEvent:
        Signature       - 'NvIndexDynamic  '
        Version         - 0x0000
        Uid             - 0x0000000000000001
        DescriptionSize - 0x000F
        Description     - "SPDM CHALLENGE "
        DataSize        - 0x0020
        Data            - D6E418E76C7D0CEC245E5D56ACF9E4675618B47E4577E32BDD13A7329571087D
  Event:
    PCRIndex  - 0x01C40201 (NvIndex)
    EventType - 0x00000003
    DigestCount: 0x00000001
    HashAlgo : 0x000C
    Digest(0): 0BB63ADB6E24CCA4E3DA8211428E41B9772C214A0B3508CDA08B4D75C8CC05452B7633E0F06EFEA1F30270B519767BBE
    EventSize - 0x00000058
0000: 4E76496E64657844796E616D6963200000000000000000000100000000000000
0020: 14005350444D204348414C4C454E47455F41555448002000CA75008D72D8593A
0040: F45EB0EE5C4A511BF34BD4B4F788F91C11DA154422FEFBAB
    EventData - Type: EV_NO_ACTION
      TcgNvIndexDynamicEvent:
        Signature       - 'NvIndexDynamic  '
        Version         - 0x0000
        Uid             - 0x0000000000000001
        DescriptionSize - 0x0014
        Description     - "SPDM CHALLENGE_AUTH "
        DataSize        - 0x0020
        Data            - CA75008D72D8593AF45EB0EE5C4A511BF34BD4B4F788F91C11DA154422FEFBAB
  Event:
    PCRIndex  - 2
    EventType - 0x800000E1
    DigestCount: 0x00000001
    HashAlgo : 0x000C
    Digest(0): 74FA5F83EDA0651831C2E23EFF7E10708F46B6E5C1C52DC1F5C4A214C2066FAF5660E23A4B1955DA569017699456EE2C
    EventSize - 0x00000087
0000: 5350444D20446576696365205365633202000000870000000100000000000000
0020: 2D0000000100000000000000160000000000000002010C00D041030A00000000
0040: 0101060000007FFF0400110002000000010123000020007EB24A18990EE4C958
0060: C89773DA6CC9FBC5C278357762D02EC6AB947EB28726FF000010008680600B00
0080: 02080186800000
    EventData - Type: EV_EFI_SPDM_FIRMWARE_BLOB
    TcgDeviceSecurityEvent2:
      Signature         - 'SPDM Device Sec2'
      Version           - 0x0002
      Length            - 0x00000087
      DeviceType        - 0x00000001
      SubHeaderType     - 0x00000000
      SubHeaderLength   - 0x0000002D
      SubHeaderUID      - 0x0000000000000001
      DevicePathLength  - 0x0000000000000016
      DevicePath        - PciRoot(0x0)/Pci(0x0,0x0)
      SpdmMeasurementBlockSubHeader:
        SpdmVersion                      - 0x0011
        SpdmMeasurementHashAlgo          - 0x00000002
        SpdmMeasurementBlock:
          Index                          - 0x01
          MeasurementSpec                - 0x01
          MeasurementSize                - 0x0023
          Measurement:
            DMTFSpecMeasurementValueType - 0x00
            DMTFSpecMeasurementValueSize - 0x0020
            DMTFSpecMeasurementValue     - 7EB24A18990EE4C958C89773DA6CC9FBC5C278357762D02EC6AB947EB28726FF
      DeviceSecurityEventData - PCI Context
        Version           - 0x0000
        Length            - 0x0010
        VendorId          - 0x8086
        DeviceId          - 0x0B60
        RevisionID        - 0x00
        ClassCode         - 0x010802
        SubsystemVendorID - 0x8086
        SubsystemID       - 0x0000
  Event:
    PCRIndex  - 0x01C40201 (NvIndex)
    EventType - 0x00000003
    DigestCount: 0x00000001
    HashAlgo : 0x000C
    Digest(0): 4B78EE514EC433A5443B88977D5386F3957CE1B044B5F5CB1D2E82BCABD42AA9F951B0EB1245C9C474EA0A268AD6F6B9
    EventSize - 0x0000005A
0000: 4E76496E64657844796E616D6963200000000000000000000100000000000000
0020: 16005350444D204745545F4D4541535552454D454E545300200056DFAE12AA07
0040: AFA3DB38DB0273A72D336107250B827D690B421A81A0DDF45E46
    EventData - Type: EV_NO_ACTION
      TcgNvIndexDynamicEvent:
        Signature       - 'NvIndexDynamic  '
        Version         - 0x0000
        Uid             - 0x0000000000000001
        DescriptionSize - 0x0016
        Description     - "SPDM GET_MEASUREMENTS "
        DataSize        - 0x0020
        Data            - 56DFAE12AA07AFA3DB38DB0273A72D336107250B827D690B421A81A0DDF45E46
  Event:
    PCRIndex  - 0x01C40201 (NvIndex)
    EventType - 0x00000003
    DigestCount: 0x00000001
    HashAlgo : 0x000C
    Digest(0): 0F836E5FB212E0221DCD7B197EE5D2F3C6B77F2ED3B1885DE4A662521B3E53F8913F0D725429BC10B032D15F3A406846
    EventSize - 0x00000056
0000: 4E76496E64657844796E616D6963200000000000000000000100000000000000
0020: 12005350444D204D4541535552454D454E545300200040E74A01F0F36C2F7F5D
0040: E2E245EDED0479A95B3E947A8FD5856AEBFC10D0045E
    EventData - Type: EV_NO_ACTION
      TcgNvIndexDynamicEvent:
        Signature       - 'NvIndexDynamic  '
        Version         - 0x0000
        Uid             - 0x0000000000000001
        DescriptionSize - 0x0012
        Description     - "SPDM MEASUREMENTS "
        DataSize        - 0x0020
        Data            - 40E74A01F0F36C2F7F5DE2E245EDED0479A95B3E947A8FD5856AEBFC10D0045E
  Event:
    PCRIndex  - 2
    EventType - 0x800000E1
    DigestCount: 0x00000001
    HashAlgo : 0x000C
    Digest(0): 9468C5AB0279B523FB9D41365DAEF2C8073AEBED8E58497D70379EE06C630A64F8C32092A26D2CBB6CB2BE81854006F0
    EventSize - 0x00000087
0000: 5350444D20446576696365205365633202000000870000000100000000000000
0020: 2D0000000100000000000000160000000000000002010C00D041030A00000000
0040: 0101060000007FFF0400110002000000010123000120009E50F90FD035924A20
0060: 2C1F5C5246ACC40AB0C3211366E89F0C5D9CF42A6A8D78000010008680600B00
0080: 02080186800000
    EventData - Type: EV_EFI_SPDM_FIRMWARE_BLOB
    TcgDeviceSecurityEvent2:
      Signature         - 'SPDM Device Sec2'
      Version           - 0x0002
      Length            - 0x00000087
      DeviceType        - 0x00000001
      SubHeaderType     - 0x00000000
      SubHeaderLength   - 0x0000002D
      SubHeaderUID      - 0x0000000000000001
      DevicePathLength  - 0x0000000000000016
      DevicePath        - PciRoot(0x0)/Pci(0x0,0x0)
      SpdmMeasurementBlockSubHeader:
        SpdmVersion                      - 0x0011
        SpdmMeasurementHashAlgo          - 0x00000002
        SpdmMeasurementBlock:
          Index                          - 0x01
          MeasurementSpec                - 0x01
          MeasurementSize                - 0x0023
          Measurement:
            DMTFSpecMeasurementValueType - 0x01
            DMTFSpecMeasurementValueSize - 0x0020
            DMTFSpecMeasurementValue     - 9E50F90FD035924A202C1F5C5246ACC40AB0C3211366E89F0C5D9CF42A6A8D78
      DeviceSecurityEventData - PCI Context
        Version           - 0x0000
        Length            - 0x0010
        VendorId          - 0x8086
        DeviceId          - 0x0B60
        RevisionID        - 0x00
        ClassCode         - 0x010802
        SubsystemVendorID - 0x8086
        SubsystemID       - 0x0000
  Event:
    PCRIndex  - 0x01C40201 (NvIndex)
    EventType - 0x00000003
    DigestCount: 0x00000001
    HashAlgo : 0x000C
    Digest(0): 5108BA8521170F2E8E17649011C2621646EE941FEA9D91A3FBEB80221534107807D55BF2CDA3BF46210D11A1C035734F
    EventSize - 0x0000005A
0000: 4E76496E64657844796E616D6963200000000000000000000100000000000000
0020: 16005350444D204745545F4D4541535552454D454E54530020002D95DA7F57BC
0040: 7BC81DFF9273E9142413B847B9633D6132A07779B9943D0AEE29
    EventData - Type: EV_NO_ACTION
      TcgNvIndexDynamicEvent:
        Signature       - 'NvIndexDynamic  '
        Version         - 0x0000
        Uid             - 0x0000000000000001
        DescriptionSize - 0x0016
        Description     - "SPDM GET_MEASUREMENTS "
        DataSize        - 0x0020
        Data            - 2D95DA7F57BC7BC81DFF9273E9142413B847B9633D6132A07779B9943D0AEE29
  Event:
    PCRIndex  - 0x01C40201 (NvIndex)
    EventType - 0x00000003
    DigestCount: 0x00000001
    HashAlgo : 0x000C
    Digest(0): D2CA95FFF8C5F8C1C495C445CD14D8985C953559701B1AEDCD5BA0D29EC008BEE069A5D60C5EA0FFC39686418C56C952
    EventSize - 0x00000056
0000: 4E76496E64657844796E616D6963200000000000000000000100000000000000
0020: 12005350444D204D4541535552454D454E5453002000EF7EDE24D9363234C64C
0040: D7AC3AC51DBF9EB40AB7A4E8EBE0E225002D1B88196E
    EventData - Type: EV_NO_ACTION
      TcgNvIndexDynamicEvent:
        Signature       - 'NvIndexDynamic  '
        Version         - 0x0000
        Uid             - 0x0000000000000001
        DescriptionSize - 0x0012
        Description     - "SPDM MEASUREMENTS "
        DataSize        - 0x0020
        Data            - EF7EDE24D9363234C64CD7AC3AC51DBF9EB40AB7A4E8EBE0E225002D1B88196E
  Event:
    PCRIndex  - 3
    EventType - 0x800000E2
    DigestCount: 0x00000001
    HashAlgo : 0x000C
    Digest(0): ADD6FE88CD539CA5C193071FFFFBC825073EAA602E12356C722A79CC8C7F95F070720386BC0D97296B1DE5AFA8D3E425
    EventSize - 0x00000087
0000: 5350444D20446576696365205365633202000000870000000100000000000000
0020: 2D0000000100000000000000160000000000000002010C00D041030A00000000
0040: 0101060000007FFF040011000200000001012300022000262CAFD9AEC68ED56E
0060: A179EC74E067D73711E60DE530D50AA0F3D6087BAD0677000010008680600B00
0080: 02080186800000
    EventData - Type: EV_EFI_SPDM_FIRMWARE_CONFIG
    TcgDeviceSecurityEvent2:
      Signature         - 'SPDM Device Sec2'
      Version           - 0x0002
      Length            - 0x00000087
      DeviceType        - 0x00000001
      SubHeaderType     - 0x00000000
      SubHeaderLength   - 0x0000002D
      SubHeaderUID      - 0x0000000000000001
      DevicePathLength  - 0x0000000000000016
      DevicePath        - PciRoot(0x0)/Pci(0x0,0x0)
      SpdmMeasurementBlockSubHeader:
        SpdmVersion                      - 0x0011
        SpdmMeasurementHashAlgo          - 0x00000002
        SpdmMeasurementBlock:
          Index                          - 0x01
          MeasurementSpec                - 0x01
          MeasurementSize                - 0x0023
          Measurement:
            DMTFSpecMeasurementValueType - 0x02
            DMTFSpecMeasurementValueSize - 0x0020
            DMTFSpecMeasurementValue     - 262CAFD9AEC68ED56EA179EC74E067D73711E60DE530D50AA0F3D6087BAD0677
      DeviceSecurityEventData - PCI Context
        Version           - 0x0000
        Length            - 0x0010
        VendorId          - 0x8086
        DeviceId          - 0x0B60
        RevisionID        - 0x00
        ClassCode         - 0x010802
        SubsystemVendorID - 0x8086
        SubsystemID       - 0x0000
  Event:
    PCRIndex  - 0x01C40201 (NvIndex)
    EventType - 0x00000003
    DigestCount: 0x00000001
    HashAlgo : 0x000C
    Digest(0): 280AB23F6F32B0814A562635295DA9871AD0CF521D5039EAECD1C2478CBF1CF5A12103FD0555991C949064CA5F7BA03E
    EventSize - 0x0000005A
0000: 4E76496E64657844796E616D6963200000000000000000000100000000000000
0020: 16005350444D204745545F4D4541535552454D454E5453002000C214248E18E4
0040: A70F52CB5338EF54A9C4050446D71E18165B6F59F92B6BBAC0AA
    EventData - Type: EV_NO_ACTION
      TcgNvIndexDynamicEvent:
        Signature       - 'NvIndexDynamic  '
        Version         - 0x0000
        Uid             - 0x0000000000000001
        DescriptionSize - 0x0016
        Description     - "SPDM GET_MEASUREMENTS "
        DataSize        - 0x0020
        Data            - C214248E18E4A70F52CB5338EF54A9C4050446D71E18165B6F59F92B6BBAC0AA
  Event:
    PCRIndex  - 0x01C40201 (NvIndex)
    EventType - 0x00000003
    DigestCount: 0x00000001
    HashAlgo : 0x000C
    Digest(0): EE00AA422F86F18527778CEE7DBD203E952DE9249E0769362550B87FF3C2E8A74710F853846646089563D805A237F7D4
    EventSize - 0x00000056
0000: 4E76496E64657844796E616D6963200000000000000000000100000000000000
0020: 12005350444D204D4541535552454D454E5453002000A45D4B0A157EC3DB17D3
0040: DFCA5D38CE4475CBB920F111C432E9218F0365839599
    EventData - Type: EV_NO_ACTION
      TcgNvIndexDynamicEvent:
        Signature       - 'NvIndexDynamic  '
        Version         - 0x0000
        Uid             - 0x0000000000000001
        DescriptionSize - 0x0012
        Description     - "SPDM MEASUREMENTS "
        DataSize        - 0x0020
        Data            - A45D4B0A157EC3DB17D3DFCA5D38CE4475CBB920F111C432E9218F0365839599
  Event:
    PCRIndex  - 3
    EventType - 0x800000E2
    DigestCount: 0x00000001
    HashAlgo : 0x000C
    Digest(0): CBA7CF4D3F9D69F39CE5DE77A0B3190614C3C2A17EE9BE0366F3E05F6DCF16222BFEF3620886C1E8EA694DEEB1E8EA13
    EventSize - 0x00000087
0000: 5350444D20446576696365205365633202000000870000000100000000000000
0020: 2D0000000100000000000000160000000000000002010C00D041030A00000000
0040: 0101060000007FFF0400110002000000010123000320003C902E18125F2DA0E8
0060: 7B76F334A19335925453713E04E52A6606244BFF74F4CA000010008680600B00
0080: 02080186800000
    EventData - Type: EV_EFI_SPDM_FIRMWARE_CONFIG
    TcgDeviceSecurityEvent2:
      Signature         - 'SPDM Device Sec2'
      Version           - 0x0002
      Length            - 0x00000087
      DeviceType        - 0x00000001
      SubHeaderType     - 0x00000000
      SubHeaderLength   - 0x0000002D
      SubHeaderUID      - 0x0000000000000001
      DevicePathLength  - 0x0000000000000016
      DevicePath        - PciRoot(0x0)/Pci(0x0,0x0)
      SpdmMeasurementBlockSubHeader:
        SpdmVersion                      - 0x0011
        SpdmMeasurementHashAlgo          - 0x00000002
        SpdmMeasurementBlock:
          Index                          - 0x01
          MeasurementSpec                - 0x01
          MeasurementSize                - 0x0023
          Measurement:
            DMTFSpecMeasurementValueType - 0x03
            DMTFSpecMeasurementValueSize - 0x0020
            DMTFSpecMeasurementValue     - 3C902E18125F2DA0E87B76F334A19335925453713E04E52A6606244BFF74F4CA
      DeviceSecurityEventData - PCI Context
        Version           - 0x0000
        Length            - 0x0010
        VendorId          - 0x8086
        DeviceId          - 0x0B60
        RevisionID        - 0x00
        ClassCode         - 0x010802
        SubsystemVendorID - 0x8086
        SubsystemID       - 0x0000
  Event:
    PCRIndex  - 0x01C40201 (NvIndex)
    EventType - 0x00000003
    DigestCount: 0x00000001
    HashAlgo : 0x000C
    Digest(0): 55268D3C5A48F4EA9E5868DB63F83733A890DC3764BED14642DD5BABEE58525CA4D254CF343750524F6B50561797E79F
    EventSize - 0x0000005A
0000: 4E76496E64657844796E616D6963200000000000000000000100000000000000
0020: 16005350444D204745545F4D4541535552454D454E5453002000EDCCCA5AC03A
0040: 536F46A9E4A6E3070F95CB118BD98105FA5953E6E29B49C6A6AB
    EventData - Type: EV_NO_ACTION
      TcgNvIndexDynamicEvent:
        Signature       - 'NvIndexDynamic  '
        Version         - 0x0000
        Uid             - 0x0000000000000001
        DescriptionSize - 0x0016
        Description     - "SPDM GET_MEASUREMENTS "
        DataSize        - 0x0020
        Data            - EDCCCA5AC03A536F46A9E4A6E3070F95CB118BD98105FA5953E6E29B49C6A6AB
  Event:
    PCRIndex  - 0x01C40201 (NvIndex)
    EventType - 0x00000003
    DigestCount: 0x00000001
    HashAlgo : 0x000C
    Digest(0): 7621CDCE3D035DE8235FB5920CCE68A3CD43F3FEB8038A276EA57141399F5643C2DD89823D371CE2F93EAD75751C1841
    EventSize - 0x00000056
0000: 4E76496E64657844796E616D6963200000000000000000000100000000000000
0020: 12005350444D204D4541535552454D454E54530020002EE851CEEBDF70844C34
0040: AEB690C273BB2537762E65B7379C31F302B141045EEF
    EventData - Type: EV_NO_ACTION
      TcgNvIndexDynamicEvent:
        Signature       - 'NvIndexDynamic  '
        Version         - 0x0000
        Uid             - 0x0000000000000001
        DescriptionSize - 0x0012
        Description     - "SPDM MEASUREMENTS "
        DataSize        - 0x0020
        Data            - 2EE851CEEBDF70844C34AEB690C273BB2537762E65B7379C31F302B141045EEF
  Event:
    PCRIndex  - 2
    EventType - 0x800000E1
    DigestCount: 0x00000001
    HashAlgo : 0x000C
    Digest(0): DFC67F52884368355964E241BF5ACD33BA1621FFB5D3173B66AD73B2F4474B9DC9708FBE5AFF27CFF568AAA9851EBE3D
    EventSize - 0x0000006F
0000: 5350444D204465766963652053656332020000006F0000000100000000000000
0020: 150000000100000000000000160000000000000002010C00D041030A00000000
0040: 0101060000007FFF040011000200000001010B00870800FF0000000000000000
0060: 0010008680600B0002080186800000
    EventData - Type: EV_EFI_SPDM_FIRMWARE_BLOB
    TcgDeviceSecurityEvent2:
      Signature         - 'SPDM Device Sec2'
      Version           - 0x0002
      Length            - 0x0000006F
      DeviceType        - 0x00000001
      SubHeaderType     - 0x00000000
      SubHeaderLength   - 0x00000015
      SubHeaderUID      - 0x0000000000000001
      DevicePathLength  - 0x0000000000000016
      DevicePath        - PciRoot(0x0)/Pci(0x0,0x0)
      SpdmMeasurementBlockSubHeader:
        SpdmVersion                      - 0x0011
        SpdmMeasurementHashAlgo          - 0x00000002
        SpdmMeasurementBlock:
          Index                          - 0x01
          MeasurementSpec                - 0x01
          MeasurementSize                - 0x000B
          Measurement:
            DMTFSpecMeasurementValueType - 0x87
            DMTFSpecMeasurementValueSize - 0x0008
            DMTFSpecMeasurementValue     - FF00000000000000
      DeviceSecurityEventData - PCI Context
        Version           - 0x0000
        Length            - 0x0010
        VendorId          - 0x8086
        DeviceId          - 0x0B60
        RevisionID        - 0x00
        ClassCode         - 0x010802
        SubsystemVendorID - 0x8086
        SubsystemID       - 0x0000
  Event:
    PCRIndex  - 0x01C40201 (NvIndex)
    EventType - 0x00000003
    DigestCount: 0x00000001
    HashAlgo : 0x000C
    Digest(0): 2B0A1EDE89192F97001BC465AA3318487463346D2D31A37E7853BE7146A63FDAF614FAFB4D31B141E5C003D103AF116D
    EventSize - 0x0000005A
0000: 4E76496E64657844796E616D6963200000000000000000000100000000000000
0020: 16005350444D204745545F4D4541535552454D454E5453002000561C49BED33E
0040: 5EE41A9C7E44610765D137B66729345A7F29B609075526394845
    EventData - Type: EV_NO_ACTION
      TcgNvIndexDynamicEvent:
        Signature       - 'NvIndexDynamic  '
        Version         - 0x0000
        Uid             - 0x0000000000000001
        DescriptionSize - 0x0016
        Description     - "SPDM GET_MEASUREMENTS "
        DataSize        - 0x0020
        Data            - 561C49BED33E5EE41A9C7E44610765D137B66729345A7F29B609075526394845
  Event:
    PCRIndex  - 0x01C40201 (NvIndex)
    EventType - 0x00000003
    DigestCount: 0x00000001
    HashAlgo : 0x000C
    Digest(0): 5FB39D08B0D83846E0D34433F5FBB7390C06BF05DF69D61176581A8352E36C3B5AA3E62250388ED0AB6976C198ED9119
    EventSize - 0x00000056
0000: 4E76496E64657844796E616D6963200000000000000000000100000000000000
0020: 12005350444D204D4541535552454D454E5453002000D2F5C8E8325A870C9D82
0040: 8F84CBD26A44FE677294BDF04C8E93F7497FDD1125DE
    EventData - Type: EV_NO_ACTION
      TcgNvIndexDynamicEvent:
        Signature       - 'NvIndexDynamic  '
        Version         - 0x0000
        Uid             - 0x0000000000000001
        DescriptionSize - 0x0012
        Description     - "SPDM MEASUREMENTS "
        DataSize        - 0x0020
        Data            - D2F5C8E8325A870C9D828F84CBD26A44FE677294BDF04C8E93F7497FDD1125DE
FinalEventsTable: NOT FOUND
Tcg2Event end
